<?xml version="1.0" encoding="UTF-8"?>
<!-- Generated by org.testng.reporters.JUnitReportReporter -->
<testsuite skipped="0" hostname="ip-192-168-1-7.ap-southeast-1.compute.internal" name="testCases.FlightBookingTest" tests="1" failures="0" timestamp="27 Nov 2019 14:10:44 GMT" time="31.861" errors="0">
  <testcase name="bookARoundTripFlight" time="31.861" classname="testCases.FlightBookingTest"/>
</testsuite> <!-- testCases.FlightBookingTest -->
