<?xml version="1.0" encoding="UTF-8"?>
<!-- Generated by org.testng.reporters.JUnitReportReporter -->
<testsuite skipped="0" hostname="ip-192-168-1-7.ap-southeast-1.compute.internal" name="testCases.LoginTestCase" tests="3" failures="0" timestamp="27 Nov 2019 14:10:44 GMT" time="41.500" errors="0">
  <testcase name="loginWithInCorrectUserNameCorrectPassword" time="10.665" classname="testCases.LoginTestCase"/>
  <testcase name="loginWithCorrectData" time="16.225" classname="testCases.LoginTestCase"/>
  <testcase name="loginWithCorrectUserNameWrongPassword" time="14.610" classname="testCases.LoginTestCase"/>
</testsuite> <!-- testCases.LoginTestCase -->
